[2021-06-02 22:43:47] DEBUG 134 statementLog - {conn-10005, pstmt-20000} created. SELECT code,password,name,sex,birth_date,cn_type,cn,mobile,home_phone,email,last_deucation,degree_name,joinwork_date,enable_state,trnsevent,psn_type,crean_time,retire_date,major_corp,dept_name,job_glbdef1,post_name,seq,job_name,job_type_name,job_grade_name,job_rank_name,is_pass,ts,age,org_code,pk_org,superior,leader,dept_code,post_code,job_code,portrait_url,mp,create_id,create_time,update_id,update_time,lcsszbm,lcsgrzs,grjj,qht,cyzg,portrait_url_richgo,wechat_qr_code,title_type,title_value,mp_portrait_url,mobile_is_show,wechat_id,status,portrait_url_no_auth,portrait_no_auth_status,mz,zzmm,hkxz,tsrc,rztsrc,principal FROM user WHERE code=? 
[2021-06-02 22:43:47] DEBUG 134 statementLog - {conn-10005, pstmt-20000} Parameters : [C00001]
[2021-06-02 22:43:47] DEBUG 134 statementLog - {conn-10005, pstmt-20000} Types : [VARCHAR]
[2021-06-02 22:43:47] DEBUG 134 statementLog - {conn-10005, pstmt-20000} executed. 329.0187 millis. SELECT code,password,name,sex,birth_date,cn_type,cn,mobile,home_phone,email,last_deucation,degree_name,joinwork_date,enable_state,trnsevent,psn_type,crean_time,retire_date,major_corp,dept_name,job_glbdef1,post_name,seq,job_name,job_type_name,job_grade_name,job_rank_name,is_pass,ts,age,org_code,pk_org,superior,leader,dept_code,post_code,job_code,portrait_url,mp,create_id,create_time,update_id,update_time,lcsszbm,lcsgrzs,grjj,qht,cyzg,portrait_url_richgo,wechat_qr_code,title_type,title_value,mp_portrait_url,mobile_is_show,wechat_id,status,portrait_url_no_auth,portrait_no_auth_status,mz,zzmm,hkxz,tsrc,rztsrc,principal FROM user WHERE code=? 
[2021-06-02 22:43:47] DEBUG 134 statementLog - {conn-10005, pstmt-20000} clearParameters. 
[2021-06-02 22:45:21] DEBUG 134 statementLog - {conn-10005, pstmt-20000} Parameters : [C00002]
[2021-06-02 22:45:21] DEBUG 134 statementLog - {conn-10005, pstmt-20000} Types : [VARCHAR]
[2021-06-02 22:45:21] DEBUG 134 statementLog - {conn-10005, pstmt-20000} executed. 1.515 millis. SELECT code,password,name,sex,birth_date,cn_type,cn,mobile,home_phone,email,last_deucation,degree_name,joinwork_date,enable_state,trnsevent,psn_type,crean_time,retire_date,major_corp,dept_name,job_glbdef1,post_name,seq,job_name,job_type_name,job_grade_name,job_rank_name,is_pass,ts,age,org_code,pk_org,superior,leader,dept_code,post_code,job_code,portrait_url,mp,create_id,create_time,update_id,update_time,lcsszbm,lcsgrzs,grjj,qht,cyzg,portrait_url_richgo,wechat_qr_code,title_type,title_value,mp_portrait_url,mobile_is_show,wechat_id,status,portrait_url_no_auth,portrait_no_auth_status,mz,zzmm,hkxz,tsrc,rztsrc,principal FROM user WHERE code=? 
[2021-06-02 22:45:21] DEBUG 134 statementLog - {conn-10005, pstmt-20000} clearParameters. 
[2021-06-02 22:46:34] DEBUG 134 statementLog - {conn-10005, pstmt-20001} created. DELETE FROM user WHERE code=?
[2021-06-02 22:46:34] DEBUG 134 statementLog - {conn-10005, pstmt-20001} Parameters : [C00002]
[2021-06-02 22:46:34] DEBUG 134 statementLog - {conn-10005, pstmt-20001} Types : [VARCHAR]
[2021-06-02 22:46:34] DEBUG 134 statementLog - {conn-10005, pstmt-20001} executed. 59.9608 millis. DELETE FROM user WHERE code=?
[2021-06-02 22:46:34] DEBUG 134 statementLog - {conn-10005, pstmt-20001} clearParameters. 
[2021-06-02 22:50:25] DEBUG 134 statementLog - {conn-10005, pstmt-20000} created. DELETE FROM user WHERE code=?
[2021-06-02 22:50:25] DEBUG 134 statementLog - {conn-10005, pstmt-20000} Parameters : [C00002]
[2021-06-02 22:50:25] DEBUG 134 statementLog - {conn-10005, pstmt-20000} Types : [VARCHAR]
[2021-06-02 22:50:25] DEBUG 134 statementLog - {conn-10005, pstmt-20000} executed. 2.3834 millis. DELETE FROM user WHERE code=?
[2021-06-02 22:50:25] DEBUG 134 statementLog - {conn-10005, pstmt-20000} clearParameters. 
[2021-06-02 22:50:59] DEBUG 134 statementLog - {conn-10005, pstmt-20000} Parameters : [C00001]
[2021-06-02 22:50:59] DEBUG 134 statementLog - {conn-10005, pstmt-20000} Types : [VARCHAR]
[2021-06-02 22:50:59] DEBUG 134 statementLog - {conn-10005, pstmt-20000} executed. 329.1095 millis. DELETE FROM user WHERE code=?
[2021-06-02 22:50:59] DEBUG 134 statementLog - {conn-10005, pstmt-20000} clearParameters. 
[2021-06-02 22:52:04] DEBUG 134 statementLog - {conn-10005, pstmt-20001} created. SELECT code,password,name,sex,birth_date,cn_type,cn,mobile,home_phone,email,last_deucation,degree_name,joinwork_date,enable_state,trnsevent,psn_type,crean_time,retire_date,major_corp,dept_name,job_glbdef1,post_name,seq,job_name,job_type_name,job_grade_name,job_rank_name,is_pass,ts,age,org_code,pk_org,superior,leader,dept_code,post_code,job_code,portrait_url,mp,create_id,create_time,update_id,update_time,lcsszbm,lcsgrzs,grjj,qht,cyzg,portrait_url_richgo,wechat_qr_code,title_type,title_value,mp_portrait_url,mobile_is_show,wechat_id,status,portrait_url_no_auth,portrait_no_auth_status,mz,zzmm,hkxz,tsrc,rztsrc,principal FROM user WHERE code=? 
[2021-06-02 22:52:04] DEBUG 134 statementLog - {conn-10005, pstmt-20001} Parameters : [C00001]
[2021-06-02 22:52:04] DEBUG 134 statementLog - {conn-10005, pstmt-20001} Types : [VARCHAR]
[2021-06-02 22:52:04] DEBUG 134 statementLog - {conn-10005, pstmt-20001} executed. 8.4752 millis. SELECT code,password,name,sex,birth_date,cn_type,cn,mobile,home_phone,email,last_deucation,degree_name,joinwork_date,enable_state,trnsevent,psn_type,crean_time,retire_date,major_corp,dept_name,job_glbdef1,post_name,seq,job_name,job_type_name,job_grade_name,job_rank_name,is_pass,ts,age,org_code,pk_org,superior,leader,dept_code,post_code,job_code,portrait_url,mp,create_id,create_time,update_id,update_time,lcsszbm,lcsgrzs,grjj,qht,cyzg,portrait_url_richgo,wechat_qr_code,title_type,title_value,mp_portrait_url,mobile_is_show,wechat_id,status,portrait_url_no_auth,portrait_no_auth_status,mz,zzmm,hkxz,tsrc,rztsrc,principal FROM user WHERE code=? 
[2021-06-02 22:52:04] DEBUG 134 statementLog - {conn-10005, pstmt-20001} clearParameters. 
[2021-06-02 22:52:04] DEBUG 134 statementLog - {conn-10005, pstmt-20002} created. INSERT INTO user  ( code,

name,
sex )  VALUES  ( ?,

?,
? )
[2021-06-02 22:52:04] DEBUG 134 statementLog - {conn-10005, pstmt-20002} Parameters : [C00001, 1号, 1]
[2021-06-02 22:52:04] DEBUG 134 statementLog - {conn-10005, pstmt-20002} Types : [VARCHAR, VARCHAR, VARCHAR]
[2021-06-02 22:52:04] DEBUG 134 statementLog - {conn-10005, pstmt-20002} executed. 41.031 millis. INSERT INTO user  ( code,

name,
sex )  VALUES  ( ?,

?,
? )
[2021-06-02 22:52:04] DEBUG 134 statementLog - {conn-10005, pstmt-20002} clearParameters. 
[2021-06-02 22:55:15] DEBUG 134 statementLog - {conn-10005, pstmt-20000} created. SELECT code,password,name,sex,birth_date,cn_type,cn,mobile,home_phone,email,last_deucation,degree_name,joinwork_date,enable_state,trnsevent,psn_type,crean_time,retire_date,major_corp,dept_name,job_glbdef1,post_name,seq,job_name,job_type_name,job_grade_name,job_rank_name,is_pass,ts,age,org_code,pk_org,superior,leader,dept_code,post_code,job_code,portrait_url,mp,create_id,create_time,update_id,update_time,lcsszbm,lcsgrzs,grjj,qht,cyzg,portrait_url_richgo,wechat_qr_code,title_type,title_value,mp_portrait_url,mobile_is_show,wechat_id,status,portrait_url_no_auth,portrait_no_auth_status,mz,zzmm,hkxz,tsrc,rztsrc,principal FROM user WHERE code=? 
[2021-06-02 22:55:15] DEBUG 134 statementLog - {conn-10005, pstmt-20000} Parameters : [C00002]
[2021-06-02 22:55:15] DEBUG 134 statementLog - {conn-10005, pstmt-20000} Types : [VARCHAR]
[2021-06-02 22:55:15] DEBUG 134 statementLog - {conn-10005, pstmt-20000} executed. 9.3891 millis. SELECT code,password,name,sex,birth_date,cn_type,cn,mobile,home_phone,email,last_deucation,degree_name,joinwork_date,enable_state,trnsevent,psn_type,crean_time,retire_date,major_corp,dept_name,job_glbdef1,post_name,seq,job_name,job_type_name,job_grade_name,job_rank_name,is_pass,ts,age,org_code,pk_org,superior,leader,dept_code,post_code,job_code,portrait_url,mp,create_id,create_time,update_id,update_time,lcsszbm,lcsgrzs,grjj,qht,cyzg,portrait_url_richgo,wechat_qr_code,title_type,title_value,mp_portrait_url,mobile_is_show,wechat_id,status,portrait_url_no_auth,portrait_no_auth_status,mz,zzmm,hkxz,tsrc,rztsrc,principal FROM user WHERE code=? 
[2021-06-02 22:55:15] DEBUG 134 statementLog - {conn-10005, pstmt-20000} clearParameters. 
[2021-06-02 22:55:20] DEBUG 134 statementLog - {conn-10005, pstmt-20000} Parameters : [C00001]
[2021-06-02 22:55:20] DEBUG 134 statementLog - {conn-10005, pstmt-20000} Types : [VARCHAR]
[2021-06-02 22:55:20] DEBUG 134 statementLog - {conn-10005, pstmt-20000} executed. 1.6084 millis. SELECT code,password,name,sex,birth_date,cn_type,cn,mobile,home_phone,email,last_deucation,degree_name,joinwork_date,enable_state,trnsevent,psn_type,crean_time,retire_date,major_corp,dept_name,job_glbdef1,post_name,seq,job_name,job_type_name,job_grade_name,job_rank_name,is_pass,ts,age,org_code,pk_org,superior,leader,dept_code,post_code,job_code,portrait_url,mp,create_id,create_time,update_id,update_time,lcsszbm,lcsgrzs,grjj,qht,cyzg,portrait_url_richgo,wechat_qr_code,title_type,title_value,mp_portrait_url,mobile_is_show,wechat_id,status,portrait_url_no_auth,portrait_no_auth_status,mz,zzmm,hkxz,tsrc,rztsrc,principal FROM user WHERE code=? 
[2021-06-02 22:55:20] DEBUG 134 statementLog - {conn-10005, pstmt-20000} clearParameters. 
[2021-06-02 22:55:47] DEBUG 134 statementLog - {conn-10005, pstmt-20000} Parameters : [C00002]
[2021-06-02 22:55:47] DEBUG 134 statementLog - {conn-10005, pstmt-20000} Types : [VARCHAR]
[2021-06-02 22:55:47] DEBUG 134 statementLog - {conn-10005, pstmt-20000} executed. 1.1626 millis. SELECT code,password,name,sex,birth_date,cn_type,cn,mobile,home_phone,email,last_deucation,degree_name,joinwork_date,enable_state,trnsevent,psn_type,crean_time,retire_date,major_corp,dept_name,job_glbdef1,post_name,seq,job_name,job_type_name,job_grade_name,job_rank_name,is_pass,ts,age,org_code,pk_org,superior,leader,dept_code,post_code,job_code,portrait_url,mp,create_id,create_time,update_id,update_time,lcsszbm,lcsgrzs,grjj,qht,cyzg,portrait_url_richgo,wechat_qr_code,title_type,title_value,mp_portrait_url,mobile_is_show,wechat_id,status,portrait_url_no_auth,portrait_no_auth_status,mz,zzmm,hkxz,tsrc,rztsrc,principal FROM user WHERE code=? 
[2021-06-02 22:55:47] DEBUG 134 statementLog - {conn-10005, pstmt-20000} clearParameters. 
[2021-06-02 22:55:47] DEBUG 134 statementLog - {conn-10005, pstmt-20001} created. INSERT INTO user  ( code,

name,
sex )  VALUES  ( ?,

?,
? )
[2021-06-02 22:55:47] DEBUG 134 statementLog - {conn-10005, pstmt-20001} Parameters : [C00002, 2号, 1]
[2021-06-02 22:55:47] DEBUG 134 statementLog - {conn-10005, pstmt-20001} Types : [VARCHAR, VARCHAR, VARCHAR]
[2021-06-02 22:55:47] DEBUG 134 statementLog - {conn-10005, pstmt-20001} executed. 48.754 millis. INSERT INTO user  ( code,

name,
sex )  VALUES  ( ?,

?,
? )
[2021-06-02 22:55:47] DEBUG 134 statementLog - {conn-10005, pstmt-20001} clearParameters. 
[2021-06-02 22:55:59] DEBUG 134 statementLog - {conn-10005, pstmt-20000} Parameters : [C00002]
[2021-06-02 22:55:59] DEBUG 134 statementLog - {conn-10005, pstmt-20000} Types : [VARCHAR]
[2021-06-02 22:55:59] DEBUG 134 statementLog - {conn-10005, pstmt-20000} executed. 1.3013 millis. SELECT code,password,name,sex,birth_date,cn_type,cn,mobile,home_phone,email,last_deucation,degree_name,joinwork_date,enable_state,trnsevent,psn_type,crean_time,retire_date,major_corp,dept_name,job_glbdef1,post_name,seq,job_name,job_type_name,job_grade_name,job_rank_name,is_pass,ts,age,org_code,pk_org,superior,leader,dept_code,post_code,job_code,portrait_url,mp,create_id,create_time,update_id,update_time,lcsszbm,lcsgrzs,grjj,qht,cyzg,portrait_url_richgo,wechat_qr_code,title_type,title_value,mp_portrait_url,mobile_is_show,wechat_id,status,portrait_url_no_auth,portrait_no_auth_status,mz,zzmm,hkxz,tsrc,rztsrc,principal FROM user WHERE code=? 
[2021-06-02 22:55:59] DEBUG 134 statementLog - {conn-10005, pstmt-20000} clearParameters. 
[2021-06-02 22:56:57] DEBUG 134 statementLog - {conn-10005, pstmt-20002} created. UPDATE user  SET name=?,
sex=?  WHERE code=?
[2021-06-02 22:56:57] DEBUG 134 statementLog - {conn-10005, pstmt-20002} Parameters : [2号员工, 1, C00002]
[2021-06-02 22:56:57] DEBUG 134 statementLog - {conn-10005, pstmt-20002} Types : [VARCHAR, VARCHAR, VARCHAR]
[2021-06-02 22:56:57] DEBUG 134 statementLog - {conn-10005, pstmt-20002} executed. 32.0139 millis. UPDATE user  SET name=?,
sex=?  WHERE code=?
[2021-06-02 22:56:57] DEBUG 134 statementLog - {conn-10005, pstmt-20002} clearParameters. 
[2021-06-02 22:57:06] DEBUG 134 statementLog - {conn-10005, pstmt-20000} Parameters : [C00002]
[2021-06-02 22:57:06] DEBUG 134 statementLog - {conn-10005, pstmt-20000} Types : [VARCHAR]
[2021-06-02 22:57:06] DEBUG 134 statementLog - {conn-10005, pstmt-20000} executed. 1.7044 millis. SELECT code,password,name,sex,birth_date,cn_type,cn,mobile,home_phone,email,last_deucation,degree_name,joinwork_date,enable_state,trnsevent,psn_type,crean_time,retire_date,major_corp,dept_name,job_glbdef1,post_name,seq,job_name,job_type_name,job_grade_name,job_rank_name,is_pass,ts,age,org_code,pk_org,superior,leader,dept_code,post_code,job_code,portrait_url,mp,create_id,create_time,update_id,update_time,lcsszbm,lcsgrzs,grjj,qht,cyzg,portrait_url_richgo,wechat_qr_code,title_type,title_value,mp_portrait_url,mobile_is_show,wechat_id,status,portrait_url_no_auth,portrait_no_auth_status,mz,zzmm,hkxz,tsrc,rztsrc,principal FROM user WHERE code=? 
[2021-06-02 22:57:06] DEBUG 134 statementLog - {conn-10005, pstmt-20000} clearParameters. 
[2021-06-02 22:57:30] DEBUG 134 statementLog - {conn-10005, pstmt-20003} created. DELETE FROM user WHERE code=?
[2021-06-02 22:57:30] DEBUG 134 statementLog - {conn-10005, pstmt-20003} Parameters : [C00002]
[2021-06-02 22:57:30] DEBUG 134 statementLog - {conn-10005, pstmt-20003} Types : [VARCHAR]
[2021-06-02 22:57:30] DEBUG 134 statementLog - {conn-10005, pstmt-20003} executed. 66.1687 millis. DELETE FROM user WHERE code=?
[2021-06-02 22:57:30] DEBUG 134 statementLog - {conn-10005, pstmt-20003} clearParameters. 
