[2021-05-31 14:50:24] WARN  org.mybatis.logging.Logger 44 warn - No MyBatis mapper was found in '[cn.sf.user]' package. Please check your configuration.
[2021-05-31 14:50:31] WARN  org.springframework.cloud.loadbalancer.config.LoadBalancerCacheAutoConfiguration$LoadBalancerCaffeineWarnLogger 82 logWarning - Spring Cloud LoadBalancer is currently working with the default cache. You can switch to using Caffeine cache, by adding it and org.springframework.cache.caffeine.CaffeineCacheManager to the classpath.
[2021-05-31 14:50:32] WARN  com.netflix.discovery.InstanceInfoReplicator 110 onDemandUpdate - Ignoring onDemand update due to rate limiter
[2021-05-31 14:50:49] WARN  org.mybatis.logging.Logger 44 warn - No MyBatis mapper was found in '[cn.sf.user]' package. Please check your configuration.
[2021-05-31 14:50:54] WARN  org.springframework.boot.devtools.autoconfigure.OptionalLiveReloadServer 61 startServer - Unable to start LiveReload server
[2021-05-31 14:50:55] WARN  org.springframework.cloud.loadbalancer.config.LoadBalancerCacheAutoConfiguration$LoadBalancerCaffeineWarnLogger 82 logWarning - Spring Cloud LoadBalancer is currently working with the default cache. You can switch to using Caffeine cache, by adding it and org.springframework.cache.caffeine.CaffeineCacheManager to the classpath.
[2021-05-31 14:50:56] WARN  com.netflix.discovery.InstanceInfoReplicator 110 onDemandUpdate - Ignoring onDemand update due to rate limiter
[2021-05-31 14:55:02] WARN  org.springframework.context.support.AbstractApplicationContext 591 refresh - Exception encountered during context initialization - cancelling refresh attempt: org.springframework.beans.factory.BeanDefinitionStoreException: Failed to parse configuration class [cn.sf.user.UserApplication]; nested exception is java.io.FileNotFoundException: class path resource [cn/sf/userapi/service/UserService.class] cannot be opened because it does not exist
[2021-05-31 14:55:02] WARN  org.springframework.context.support.AbstractApplicationContext 591 refresh - Exception encountered during context initialization - cancelling refresh attempt: org.springframework.beans.factory.BeanDefinitionStoreException: Failed to parse configuration class [cn.sf.user.UserApplication]; nested exception is java.io.FileNotFoundException: class path resource [cn/sf/userapi/service/UserService.class] cannot be opened because it does not exist
[2021-05-31 14:55:06] WARN  org.mybatis.logging.Logger 44 warn - No MyBatis mapper was found in '[cn.sf.user]' package. Please check your configuration.
[2021-05-31 14:55:06] WARN  org.mybatis.logging.Logger 44 warn - No MyBatis mapper was found in '[cn.sf.user]' package. Please check your configuration.
[2021-05-31 14:55:09] WARN  org.springframework.boot.devtools.autoconfigure.OptionalLiveReloadServer 61 startServer - Unable to start LiveReload server
[2021-05-31 14:55:10] WARN  org.springframework.cloud.loadbalancer.config.LoadBalancerCacheAutoConfiguration$LoadBalancerCaffeineWarnLogger 82 logWarning - Spring Cloud LoadBalancer is currently working with the default cache. You can switch to using Caffeine cache, by adding it and org.springframework.cache.caffeine.CaffeineCacheManager to the classpath.
[2021-05-31 14:55:10] WARN  org.springframework.cloud.loadbalancer.config.LoadBalancerCacheAutoConfiguration$LoadBalancerCaffeineWarnLogger 82 logWarning - Spring Cloud LoadBalancer is currently working with the default cache. You can switch to using Caffeine cache, by adding it and org.springframework.cache.caffeine.CaffeineCacheManager to the classpath.
[2021-05-31 14:55:11] WARN  com.netflix.discovery.InstanceInfoReplicator 110 onDemandUpdate - Ignoring onDemand update due to rate limiter
[2021-05-31 14:55:11] WARN  com.netflix.discovery.InstanceInfoReplicator 110 onDemandUpdate - Ignoring onDemand update due to rate limiter
[2021-05-31 14:55:20] WARN  com.netflix.discovery.InstanceInfoReplicator 110 onDemandUpdate - Ignoring onDemand update due to rate limiter
[2021-05-31 14:55:20] WARN  com.netflix.discovery.InstanceInfoReplicator 110 onDemandUpdate - Ignoring onDemand update due to rate limiter
[2021-05-31 14:55:26] WARN  org.mybatis.logging.Logger 44 warn - No MyBatis mapper was found in '[cn.sf.user]' package. Please check your configuration.
[2021-05-31 14:55:26] WARN  org.mybatis.logging.Logger 44 warn - No MyBatis mapper was found in '[cn.sf.user]' package. Please check your configuration.
[2021-05-31 14:55:29] WARN  org.springframework.boot.devtools.autoconfigure.OptionalLiveReloadServer 61 startServer - Unable to start LiveReload server
[2021-05-31 14:55:30] WARN  org.springframework.cloud.loadbalancer.config.LoadBalancerCacheAutoConfiguration$LoadBalancerCaffeineWarnLogger 82 logWarning - Spring Cloud LoadBalancer is currently working with the default cache. You can switch to using Caffeine cache, by adding it and org.springframework.cache.caffeine.CaffeineCacheManager to the classpath.
[2021-05-31 14:55:30] WARN  org.springframework.cloud.loadbalancer.config.LoadBalancerCacheAutoConfiguration$LoadBalancerCaffeineWarnLogger 82 logWarning - Spring Cloud LoadBalancer is currently working with the default cache. You can switch to using Caffeine cache, by adding it and org.springframework.cache.caffeine.CaffeineCacheManager to the classpath.
[2021-05-31 14:55:30] WARN  com.netflix.discovery.InstanceInfoReplicator 110 onDemandUpdate - Ignoring onDemand update due to rate limiter
[2021-05-31 14:55:30] WARN  com.netflix.discovery.InstanceInfoReplicator 110 onDemandUpdate - Ignoring onDemand update due to rate limiter
[2021-05-31 15:02:02] WARN  com.netflix.discovery.TimedSupervisorTask 90 run - task supervisor shutting down, can't accept the task
[2021-05-31 15:02:02] WARN  com.netflix.discovery.TimedSupervisorTask 90 run - task supervisor shutting down, can't accept the task
[2021-05-31 15:02:03] WARN  org.springframework.context.support.AbstractApplicationContext 591 refresh - Exception encountered during context initialization - cancelling refresh attempt: org.springframework.beans.factory.BeanDefinitionStoreException: Failed to parse configuration class [cn.sf.user.UserApplication]; nested exception is java.io.FileNotFoundException: class path resource [cn/sf/userapi/service/UserService.class] cannot be opened because it does not exist
[2021-05-31 15:02:03] WARN  org.springframework.context.support.AbstractApplicationContext 591 refresh - Exception encountered during context initialization - cancelling refresh attempt: org.springframework.beans.factory.BeanDefinitionStoreException: Failed to parse configuration class [cn.sf.user.UserApplication]; nested exception is java.io.FileNotFoundException: class path resource [cn/sf/userapi/service/UserService.class] cannot be opened because it does not exist
[2021-05-31 15:05:25] WARN  org.springframework.context.support.AbstractApplicationContext 591 refresh - Exception encountered during context initialization - cancelling refresh attempt: org.springframework.beans.factory.BeanDefinitionStoreException: Failed to parse configuration class [cn.sf.user.UserApplication]; nested exception is java.io.FileNotFoundException: class path resource [cn/sf/userapi/service/UserService.class] cannot be opened because it does not exist
[2021-05-31 15:05:25] WARN  org.springframework.context.support.AbstractApplicationContext 591 refresh - Exception encountered during context initialization - cancelling refresh attempt: org.springframework.beans.factory.BeanDefinitionStoreException: Failed to parse configuration class [cn.sf.user.UserApplication]; nested exception is java.io.FileNotFoundException: class path resource [cn/sf/userapi/service/UserService.class] cannot be opened because it does not exist
[2021-05-31 15:05:34] WARN  org.mybatis.logging.Logger 44 warn - No MyBatis mapper was found in '[cn.sf.user]' package. Please check your configuration.
[2021-05-31 15:05:34] WARN  org.mybatis.logging.Logger 44 warn - No MyBatis mapper was found in '[cn.sf.user]' package. Please check your configuration.
[2021-05-31 15:05:37] WARN  org.springframework.boot.devtools.autoconfigure.OptionalLiveReloadServer 61 startServer - Unable to start LiveReload server
[2021-05-31 15:05:38] WARN  org.springframework.cloud.loadbalancer.config.LoadBalancerCacheAutoConfiguration$LoadBalancerCaffeineWarnLogger 82 logWarning - Spring Cloud LoadBalancer is currently working with the default cache. You can switch to using Caffeine cache, by adding it and org.springframework.cache.caffeine.CaffeineCacheManager to the classpath.
[2021-05-31 15:05:39] WARN  org.springframework.cloud.loadbalancer.config.LoadBalancerCacheAutoConfiguration$LoadBalancerCaffeineWarnLogger 82 logWarning - Spring Cloud LoadBalancer is currently working with the default cache. You can switch to using Caffeine cache, by adding it and org.springframework.cache.caffeine.CaffeineCacheManager to the classpath.
[2021-05-31 15:05:39] WARN  com.netflix.discovery.InstanceInfoReplicator 110 onDemandUpdate - Ignoring onDemand update due to rate limiter
[2021-05-31 15:05:39] WARN  com.netflix.discovery.InstanceInfoReplicator 110 onDemandUpdate - Ignoring onDemand update due to rate limiter
[2021-05-31 15:08:18] WARN  org.mybatis.logging.Logger 44 warn - No MyBatis mapper was found in '[cn.sf.user]' package. Please check your configuration.
[2021-05-31 15:08:25] WARN  org.springframework.cloud.loadbalancer.config.LoadBalancerCacheAutoConfiguration$LoadBalancerCaffeineWarnLogger 82 logWarning - Spring Cloud LoadBalancer is currently working with the default cache. You can switch to using Caffeine cache, by adding it and org.springframework.cache.caffeine.CaffeineCacheManager to the classpath.
[2021-05-31 15:08:26] WARN  org.mybatis.logging.Logger 44 warn - No MyBatis mapper was found in '[cn.sf.user]' package. Please check your configuration.
[2021-05-31 15:08:26] WARN  com.netflix.discovery.InstanceInfoReplicator 110 onDemandUpdate - Ignoring onDemand update due to rate limiter
[2021-05-31 15:08:31] WARN  org.springframework.boot.devtools.autoconfigure.OptionalLiveReloadServer 61 startServer - Unable to start LiveReload server
[2021-05-31 15:08:32] WARN  org.springframework.cloud.loadbalancer.config.LoadBalancerCacheAutoConfiguration$LoadBalancerCaffeineWarnLogger 82 logWarning - Spring Cloud LoadBalancer is currently working with the default cache. You can switch to using Caffeine cache, by adding it and org.springframework.cache.caffeine.CaffeineCacheManager to the classpath.
[2021-05-31 15:08:33] WARN  com.netflix.discovery.InstanceInfoReplicator 110 onDemandUpdate - Ignoring onDemand update due to rate limiter
[2021-05-31 15:27:23] WARN  org.springframework.context.support.AbstractApplicationContext 591 refresh - Exception encountered during context initialization - cancelling refresh attempt: org.springframework.beans.factory.BeanDefinitionStoreException: Failed to parse configuration class [cn.sf.user.UserApplication]; nested exception is java.io.FileNotFoundException: class path resource [cn/sf/userapi/service/UserService.class] cannot be opened because it does not exist
[2021-05-31 15:27:23] WARN  org.springframework.context.support.AbstractApplicationContext 591 refresh - Exception encountered during context initialization - cancelling refresh attempt: org.springframework.beans.factory.BeanDefinitionStoreException: Failed to parse configuration class [cn.sf.user.UserApplication]; nested exception is java.io.FileNotFoundException: class path resource [cn/sf/userapi/service/UserService.class] cannot be opened because it does not exist
[2021-05-31 15:30:40] WARN  org.springframework.context.support.AbstractApplicationContext 591 refresh - Exception encountered during context initialization - cancelling refresh attempt: org.springframework.beans.factory.BeanDefinitionStoreException: Failed to parse configuration class [cn.sf.user.UserApplication]; nested exception is java.io.FileNotFoundException: class path resource [cn/sf/userapi/service/UserService.class] cannot be opened because it does not exist
[2021-05-31 15:30:41] WARN  org.springframework.context.support.AbstractApplicationContext 591 refresh - Exception encountered during context initialization - cancelling refresh attempt: org.springframework.beans.factory.BeanDefinitionStoreException: Failed to parse configuration class [cn.sf.user.UserApplication]; nested exception is java.io.FileNotFoundException: class path resource [cn/sf/userapi/service/UserService.class] cannot be opened because it does not exist
[2021-05-31 15:31:12] WARN  org.mybatis.logging.Logger 44 warn - No MyBatis mapper was found in '[cn.sf.user]' package. Please check your configuration.
[2021-05-31 15:31:12] WARN  org.mybatis.logging.Logger 44 warn - No MyBatis mapper was found in '[cn.sf.user]' package. Please check your configuration.
[2021-05-31 15:31:15] WARN  org.springframework.boot.devtools.autoconfigure.OptionalLiveReloadServer 61 startServer - Unable to start LiveReload server
[2021-05-31 15:31:16] WARN  org.springframework.cloud.loadbalancer.config.LoadBalancerCacheAutoConfiguration$LoadBalancerCaffeineWarnLogger 82 logWarning - Spring Cloud LoadBalancer is currently working with the default cache. You can switch to using Caffeine cache, by adding it and org.springframework.cache.caffeine.CaffeineCacheManager to the classpath.
[2021-05-31 15:31:16] WARN  org.springframework.cloud.loadbalancer.config.LoadBalancerCacheAutoConfiguration$LoadBalancerCaffeineWarnLogger 82 logWarning - Spring Cloud LoadBalancer is currently working with the default cache. You can switch to using Caffeine cache, by adding it and org.springframework.cache.caffeine.CaffeineCacheManager to the classpath.
[2021-05-31 15:31:16] WARN  com.netflix.discovery.InstanceInfoReplicator 110 onDemandUpdate - Ignoring onDemand update due to rate limiter
[2021-05-31 15:31:16] WARN  com.netflix.discovery.InstanceInfoReplicator 110 onDemandUpdate - Ignoring onDemand update due to rate limiter
[2021-05-31 15:31:36] WARN  com.netflix.discovery.InstanceInfoReplicator 110 onDemandUpdate - Ignoring onDemand update due to rate limiter
[2021-05-31 15:31:37] WARN  com.netflix.discovery.InstanceInfoReplicator 110 onDemandUpdate - Ignoring onDemand update due to rate limiter
[2021-05-31 15:31:43] WARN  org.mybatis.logging.Logger 44 warn - No MyBatis mapper was found in '[cn.sf.user]' package. Please check your configuration.
[2021-05-31 15:31:43] WARN  org.mybatis.logging.Logger 44 warn - No MyBatis mapper was found in '[cn.sf.user]' package. Please check your configuration.
[2021-05-31 15:31:45] WARN  org.springframework.boot.devtools.autoconfigure.OptionalLiveReloadServer 61 startServer - Unable to start LiveReload server
[2021-05-31 15:31:46] WARN  org.springframework.cloud.loadbalancer.config.LoadBalancerCacheAutoConfiguration$LoadBalancerCaffeineWarnLogger 82 logWarning - Spring Cloud LoadBalancer is currently working with the default cache. You can switch to using Caffeine cache, by adding it and org.springframework.cache.caffeine.CaffeineCacheManager to the classpath.
[2021-05-31 15:31:46] WARN  com.netflix.discovery.InstanceInfoReplicator 110 onDemandUpdate - Ignoring onDemand update due to rate limiter
[2021-05-31 15:31:47] WARN  org.springframework.cloud.loadbalancer.config.LoadBalancerCacheAutoConfiguration$LoadBalancerCaffeineWarnLogger 82 logWarning - Spring Cloud LoadBalancer is currently working with the default cache. You can switch to using Caffeine cache, by adding it and org.springframework.cache.caffeine.CaffeineCacheManager to the classpath.
[2021-05-31 15:31:47] WARN  com.netflix.discovery.InstanceInfoReplicator 110 onDemandUpdate - Ignoring onDemand update due to rate limiter
[2021-05-31 15:35:29] WARN  org.mybatis.logging.Logger 44 warn - No MyBatis mapper was found in '[cn.sf.user]' package. Please check your configuration.
[2021-05-31 15:35:30] WARN  org.mybatis.logging.Logger 44 warn - No MyBatis mapper was found in '[cn.sf.user]' package. Please check your configuration.
[2021-05-31 15:35:32] WARN  org.springframework.boot.devtools.autoconfigure.OptionalLiveReloadServer 61 startServer - Unable to start LiveReload server
[2021-05-31 15:35:33] WARN  org.springframework.cloud.loadbalancer.config.LoadBalancerCacheAutoConfiguration$LoadBalancerCaffeineWarnLogger 82 logWarning - Spring Cloud LoadBalancer is currently working with the default cache. You can switch to using Caffeine cache, by adding it and org.springframework.cache.caffeine.CaffeineCacheManager to the classpath.
[2021-05-31 15:35:33] WARN  com.netflix.discovery.InstanceInfoReplicator 110 onDemandUpdate - Ignoring onDemand update due to rate limiter
[2021-05-31 15:35:34] WARN  org.springframework.cloud.loadbalancer.config.LoadBalancerCacheAutoConfiguration$LoadBalancerCaffeineWarnLogger 82 logWarning - Spring Cloud LoadBalancer is currently working with the default cache. You can switch to using Caffeine cache, by adding it and org.springframework.cache.caffeine.CaffeineCacheManager to the classpath.
[2021-05-31 15:35:34] WARN  com.netflix.discovery.InstanceInfoReplicator 110 onDemandUpdate - Ignoring onDemand update due to rate limiter
[2021-05-31 15:38:04] WARN  com.netflix.discovery.TimedSupervisorTask 90 run - task supervisor shutting down, can't accept the task
[2021-05-31 15:38:05] WARN  org.mybatis.logging.Logger 44 warn - No MyBatis mapper was found in '[cn.sf.user]' package. Please check your configuration.
[2021-05-31 15:38:05] WARN  org.mybatis.logging.Logger 44 warn - No MyBatis mapper was found in '[cn.sf.user]' package. Please check your configuration.
[2021-05-31 15:38:08] WARN  org.springframework.boot.devtools.autoconfigure.OptionalLiveReloadServer 61 startServer - Unable to start LiveReload server
[2021-05-31 15:38:09] WARN  org.springframework.cloud.loadbalancer.config.LoadBalancerCacheAutoConfiguration$LoadBalancerCaffeineWarnLogger 82 logWarning - Spring Cloud LoadBalancer is currently working with the default cache. You can switch to using Caffeine cache, by adding it and org.springframework.cache.caffeine.CaffeineCacheManager to the classpath.
[2021-05-31 15:38:09] WARN  com.netflix.discovery.InstanceInfoReplicator 110 onDemandUpdate - Ignoring onDemand update due to rate limiter
[2021-05-31 15:38:09] WARN  org.springframework.cloud.loadbalancer.config.LoadBalancerCacheAutoConfiguration$LoadBalancerCaffeineWarnLogger 82 logWarning - Spring Cloud LoadBalancer is currently working with the default cache. You can switch to using Caffeine cache, by adding it and org.springframework.cache.caffeine.CaffeineCacheManager to the classpath.
[2021-05-31 15:38:09] WARN  com.netflix.discovery.InstanceInfoReplicator 110 onDemandUpdate - Ignoring onDemand update due to rate limiter
[2021-05-31 15:41:59] WARN  org.mybatis.logging.Logger 44 warn - No MyBatis mapper was found in '[cn.sf.user]' package. Please check your configuration.
[2021-05-31 15:42:00] WARN  org.mybatis.logging.Logger 44 warn - No MyBatis mapper was found in '[cn.sf.user]' package. Please check your configuration.
[2021-05-31 15:42:02] WARN  org.springframework.boot.devtools.autoconfigure.OptionalLiveReloadServer 61 startServer - Unable to start LiveReload server
[2021-05-31 15:42:03] WARN  org.springframework.cloud.loadbalancer.config.LoadBalancerCacheAutoConfiguration$LoadBalancerCaffeineWarnLogger 82 logWarning - Spring Cloud LoadBalancer is currently working with the default cache. You can switch to using Caffeine cache, by adding it and org.springframework.cache.caffeine.CaffeineCacheManager to the classpath.
[2021-05-31 15:42:03] WARN  com.netflix.discovery.InstanceInfoReplicator 110 onDemandUpdate - Ignoring onDemand update due to rate limiter
[2021-05-31 15:42:04] WARN  org.springframework.cloud.loadbalancer.config.LoadBalancerCacheAutoConfiguration$LoadBalancerCaffeineWarnLogger 82 logWarning - Spring Cloud LoadBalancer is currently working with the default cache. You can switch to using Caffeine cache, by adding it and org.springframework.cache.caffeine.CaffeineCacheManager to the classpath.
[2021-05-31 15:42:04] WARN  com.netflix.discovery.InstanceInfoReplicator 110 onDemandUpdate - Ignoring onDemand update due to rate limiter
[2021-05-31 15:48:07] WARN  org.mybatis.logging.Logger 44 warn - No MyBatis mapper was found in '[cn.sf.user]' package. Please check your configuration.
[2021-05-31 15:48:13] WARN  org.springframework.cloud.loadbalancer.config.LoadBalancerCacheAutoConfiguration$LoadBalancerCaffeineWarnLogger 82 logWarning - Spring Cloud LoadBalancer is currently working with the default cache. You can switch to using Caffeine cache, by adding it and org.springframework.cache.caffeine.CaffeineCacheManager to the classpath.
[2021-05-31 15:48:14] WARN  com.netflix.discovery.InstanceInfoReplicator 110 onDemandUpdate - Ignoring onDemand update due to rate limiter
[2021-05-31 15:48:38] WARN  org.mybatis.logging.Logger 44 warn - No MyBatis mapper was found in '[cn.sf.user]' package. Please check your configuration.
[2021-05-31 15:48:43] WARN  org.springframework.boot.devtools.autoconfigure.OptionalLiveReloadServer 61 startServer - Unable to start LiveReload server
[2021-05-31 15:48:44] WARN  org.springframework.cloud.loadbalancer.config.LoadBalancerCacheAutoConfiguration$LoadBalancerCaffeineWarnLogger 82 logWarning - Spring Cloud LoadBalancer is currently working with the default cache. You can switch to using Caffeine cache, by adding it and org.springframework.cache.caffeine.CaffeineCacheManager to the classpath.
[2021-05-31 15:48:45] WARN  com.netflix.discovery.InstanceInfoReplicator 110 onDemandUpdate - Ignoring onDemand update due to rate limiter
